#
# There is insufficient memory for the Java Runtime Environment to continue.
# Cannot create GC thread. Out of system resources.
# Possible reasons:
#   The system is out of physical RAM or swap space
#   In 32 bit mode, the process size limit was hit
# Possible solutions:
#   Reduce memory load on the system
#   Increase physical memory or swap space
#   Check if swap backing store is full
#   Use 64 bit Java on a 64 bit OS
#   Decrease Java heap size (-Xmx/-Xms)
#   Decrease number of Java threads
#   Decrease Java thread stack sizes (-Xss)
#   Set larger code cache with -XX:ReservedCodeCacheSize=
# This output file may be truncated or incomplete.
#
#  Out of Memory Error (gcTaskThread.cpp:48), pid=29436, tid=0x00007f25ac9b6700
#
# JRE version:  (8.0_151-b12) (build )
# Java VM: OpenJDK 64-Bit Server VM (25.151-b12 mixed mode linux-amd64 compressed oops)
# Failed to write core dump. Core dumps have been disabled. To enable core dumping, try "ulimit -c unlimited" before starting Java again
#

---------------  T H R E A D  ---------------

Current thread (0x00007f25a400b000):  JavaThread "Unknown thread" [_thread_in_vm, id=29439, stack(0x00007f25ac8b7000,0x00007f25ac9b7000)]

Stack: [0x00007f25ac8b7000,0x00007f25ac9b7000],  sp=0x00007f25ac9b5760,  free space=1017k
Native frames: (J=compiled Java code, j=interpreted, Vv=VM code, C=native code)
V  [libjvm.so+0xaa61a2]
V  [libjvm.so+0x4d6d87]
V  [libjvm.so+0x5b83ef]
V  [libjvm.so+0x5b757d]
V  [libjvm.so+0x90a051]
V  [libjvm.so+0xa6892a]
V  [libjvm.so+0xa68c15]
V  [libjvm.so+0x6221ef]
V  [libjvm.so+0xa4c27b]
V  [libjvm.so+0x6a4901]  JNI_CreateJavaVM+0x61
C  [libjli.so+0x2d33]
C  [libjli.so+0x76dd]
C  [libpthread.so.0+0x751a]  start_thread+0xda


---------------  P R O C E S S  ---------------

Java Threads: ( => current thread )

Other Threads:

=>0x00007f25a400b000 (exited) JavaThread "Unknown thread" [_thread_in_vm, id=29439, stack(0x00007f25ac8b7000,0x00007f25ac9b7000)]

VM state:not at safepoint (not fully initialized)

VM Mutex/Monitor currently owned by a thread: None

GC Heap History (0 events):
No events

Deoptimization events (0 events):
No events

Internal exceptions (0 events):
No events

Events (0 events):
No events


Dynamic libraries:
6c7600000-6d1d00000 rw-p 00000000 00:00 0 
6d1d00000-76d200000 ---p 00000000 00:00 0 
76d200000-772500000 rw-p 00000000 00:00 0 
772500000-7c0000000 ---p 00000000 00:00 0 
55f9e9559000-55f9e955a000 r-xp 00000000 08:12 13765795                   /usr/lib/jvm/java-8-openjdk-amd64/jre/bin/java
55f9e9759000-55f9e975a000 r--p 00000000 08:12 13765795                   /usr/lib/jvm/java-8-openjdk-amd64/jre/bin/java
55f9e975a000-55f9e975b000 rw-p 00001000 08:12 13765795                   /usr/lib/jvm/java-8-openjdk-amd64/jre/bin/java
55f9ea974000-55f9ea995000 rw-p 00000000 00:00 0                          [heap]
7f2595000000-7f2595270000 rwxp 00000000 00:00 0 
7f2595270000-7f25a4000000 ---p 00000000 00:00 0 
7f25a4000000-7f25a4037000 rw-p 00000000 00:00 0 
7f25a4037000-7f25a8000000 ---p 00000000 00:00 0 
7f25a811f000-7f25a8120000 ---p 00000000 00:00 0 
7f25a8120000-7f25a8220000 rw-p 00000000 00:00 0 
7f25a8220000-7f25a8274000 rw-p 00000000 00:00 0 
7f25a8274000-7f25a874e000 ---p 00000000 00:00 0 
7f25a874e000-7f25a87a2000 rw-p 00000000 00:00 0 
7f25a87a2000-7f25a8c7c000 ---p 00000000 00:00 0 
7f25a8c7c000-7f25a8ca6000 rw-p 00000000 00:00 0 
7f25a8ca6000-7f25a8f13000 ---p 00000000 00:00 0 
7f25a8f13000-7f25a8f1e000 rw-p 00000000 00:00 0 
7f25a8f1e000-7f25a92d4000 ---p 00000000 00:00 0 
7f25a92d4000-7f25a92dc000 r-xp 00000000 08:12 13765848                   /usr/lib/jvm/java-8-openjdk-amd64/jre/lib/amd64/libzip.so
7f25a92dc000-7f25a94db000 ---p 00008000 08:12 13765848                   /usr/lib/jvm/java-8-openjdk-amd64/jre/lib/amd64/libzip.so
7f25a94db000-7f25a94dc000 r--p 00007000 08:12 13765848                   /usr/lib/jvm/java-8-openjdk-amd64/jre/lib/amd64/libzip.so
7f25a94dc000-7f25a94dd000 rw-p 00008000 08:12 13765848                   /usr/lib/jvm/java-8-openjdk-amd64/jre/lib/amd64/libzip.so
7f25a94dd000-7f25a94e8000 r-xp 00000000 08:12 10095353                   /lib/x86_64-linux-gnu/libnss_files-2.26.so
7f25a94e8000-7f25a96e7000 ---p 0000b000 08:12 10095353                   /lib/x86_64-linux-gnu/libnss_files-2.26.so
7f25a96e7000-7f25a96e8000 r--p 0000a000 08:12 10095353                   /lib/x86_64-linux-gnu/libnss_files-2.26.so
7f25a96e8000-7f25a96e9000 rw-p 0000b000 08:12 10095353                   /lib/x86_64-linux-gnu/libnss_files-2.26.so
7f25a96e9000-7f25a96ef000 rw-p 00000000 00:00 0 
7f25a96ef000-7f25a96fa000 r-xp 00000000 08:12 10095355                   /lib/x86_64-linux-gnu/libnss_nis-2.26.so
7f25a96fa000-7f25a98f9000 ---p 0000b000 08:12 10095355                   /lib/x86_64-linux-gnu/libnss_nis-2.26.so
7f25a98f9000-7f25a98fa000 r--p 0000a000 08:12 10095355                   /lib/x86_64-linux-gnu/libnss_nis-2.26.so
7f25a98fa000-7f25a98fb000 rw-p 0000b000 08:12 10095355                   /lib/x86_64-linux-gnu/libnss_nis-2.26.so
7f25a98fb000-7f25a9910000 r-xp 00000000 08:12 10095349                   /lib/x86_64-linux-gnu/libnsl-2.26.so
7f25a9910000-7f25a9b0f000 ---p 00015000 08:12 10095349                   /lib/x86_64-linux-gnu/libnsl-2.26.so
7f25a9b0f000-7f25a9b10000 r--p 00014000 08:12 10095349                   /lib/x86_64-linux-gnu/libnsl-2.26.so
7f25a9b10000-7f25a9b11000 rw-p 00015000 08:12 10095349                   /lib/x86_64-linux-gnu/libnsl-2.26.so
7f25a9b11000-7f25a9b13000 rw-p 00000000 00:00 0 
7f25a9b13000-7f25a9b1a000 r-xp 00000000 08:12 10095351                   /lib/x86_64-linux-gnu/libnss_compat-2.26.so
7f25a9b1a000-7f25a9d19000 ---p 00007000 08:12 10095351                   /lib/x86_64-linux-gnu/libnss_compat-2.26.so
7f25a9d19000-7f25a9d1a000 r--p 00006000 08:12 10095351                   /lib/x86_64-linux-gnu/libnss_compat-2.26.so
7f25a9d1a000-7f25a9d1b000 rw-p 00007000 08:12 10095351                   /lib/x86_64-linux-gnu/libnss_compat-2.26.so
7f25a9d1b000-7f25a9d48000 r-xp 00000000 08:12 13765827                   /usr/lib/jvm/java-8-openjdk-amd64/jre/lib/amd64/libjava.so
7f25a9d48000-7f25a9f48000 ---p 0002d000 08:12 13765827                   /usr/lib/jvm/java-8-openjdk-amd64/jre/lib/amd64/libjava.so
7f25a9f48000-7f25a9f49000 r--p 0002d000 08:12 13765827                   /usr/lib/jvm/java-8-openjdk-amd64/jre/lib/amd64/libjava.so
7f25a9f49000-7f25a9f4b000 rw-p 0002e000 08:12 13765827                   /usr/lib/jvm/java-8-openjdk-amd64/jre/lib/amd64/libjava.so
7f25a9f4b000-7f25a9f5b000 r-xp 00000000 08:12 13765847                   /usr/lib/jvm/java-8-openjdk-amd64/jre/lib/amd64/libverify.so
7f25a9f5b000-7f25aa15a000 ---p 00010000 08:12 13765847                   /usr/lib/jvm/java-8-openjdk-amd64/jre/lib/amd64/libverify.so
7f25aa15a000-7f25aa15c000 r--p 0000f000 08:12 13765847                   /usr/lib/jvm/java-8-openjdk-amd64/jre/lib/amd64/libverify.so
7f25aa15c000-7f25aa15d000 rw-p 00011000 08:12 13765847                   /usr/lib/jvm/java-8-openjdk-amd64/jre/lib/amd64/libverify.so
7f25aa15d000-7f25aa164000 r-xp 00000000 08:12 10095361                   /lib/x86_64-linux-gnu/librt-2.26.so
7f25aa164000-7f25aa363000 ---p 00007000 08:12 10095361                   /lib/x86_64-linux-gnu/librt-2.26.so
7f25aa363000-7f25aa364000 r--p 00006000 08:12 10095361                   /lib/x86_64-linux-gnu/librt-2.26.so
7f25aa364000-7f25aa365000 rw-p 00007000 08:12 10095361                   /lib/x86_64-linux-gnu/librt-2.26.so
7f25aa365000-7f25aa37c000 r-xp 00000000 08:12 10094623                   /lib/x86_64-linux-gnu/libgcc_s.so.1
7f25aa37c000-7f25aa57b000 ---p 00017000 08:12 10094623                   /lib/x86_64-linux-gnu/libgcc_s.so.1
7f25aa57b000-7f25aa57c000 r--p 00016000 08:12 10094623                   /lib/x86_64-linux-gnu/libgcc_s.so.1
7f25aa57c000-7f25aa57d000 rw-p 00017000 08:12 10094623                   /lib/x86_64-linux-gnu/libgcc_s.so.1
7f25aa57d000-7f25aa6c7000 r-xp 00000000 08:12 10095344                   /lib/x86_64-linux-gnu/libm-2.26.so
7f25aa6c7000-7f25aa8c6000 ---p 0014a000 08:12 10095344                   /lib/x86_64-linux-gnu/libm-2.26.so
7f25aa8c6000-7f25aa8c7000 r--p 00149000 08:12 10095344                   /lib/x86_64-linux-gnu/libm-2.26.so
7f25aa8c7000-7f25aa8c8000 rw-p 0014a000 08:12 10095344                   /lib/x86_64-linux-gnu/libm-2.26.so
7f25aa8c8000-7f25aaa3e000 r-xp 00000000 08:12 13239082                   /usr/lib/x86_64-linux-gnu/libstdc++.so.6.0.25
7f25aaa3e000-7f25aac3e000 ---p 00176000 08:12 13239082                   /usr/lib/x86_64-linux-gnu/libstdc++.so.6.0.25
7f25aac3e000-7f25aac48000 r--p 00176000 08:12 13239082                   /usr/lib/x86_64-linux-gnu/libstdc++.so.6.0.25
7f25aac48000-7f25aac4a000 rw-p 00180000 08:12 13239082                   /usr/lib/x86_64-linux-gnu/libstdc++.so.6.0.25
7f25aac4a000-7f25aac4d000 rw-p 00000000 00:00 0 
7f25aac4d000-7f25ab8d7000 r-xp 00000000 08:12 13765852                   /usr/lib/jvm/java-8-openjdk-amd64/jre/lib/amd64/server/libjvm.so
7f25ab8d7000-7f25abad7000 ---p 00c8a000 08:12 13765852                   /usr/lib/jvm/java-8-openjdk-amd64/jre/lib/amd64/server/libjvm.so
7f25abad7000-7f25abb6a000 r--p 00c8a000 08:12 13765852                   /usr/lib/jvm/java-8-openjdk-amd64/jre/lib/amd64/server/libjvm.so
7f25abb6a000-7f25abb92000 rw-p 00d1d000 08:12 13765852                   /usr/lib/jvm/java-8-openjdk-amd64/jre/lib/amd64/server/libjvm.so
7f25abb92000-7f25abbc3000 rw-p 00000000 00:00 0 
7f25abbc3000-7f25abd70000 r-xp 00000000 08:12 10095200                   /lib/x86_64-linux-gnu/libc-2.26.so
7f25abd70000-7f25abf6f000 ---p 001ad000 08:12 10095200                   /lib/x86_64-linux-gnu/libc-2.26.so
7f25abf6f000-7f25abf73000 r--p 001ac000 08:12 10095200                   /lib/x86_64-linux-gnu/libc-2.26.so
7f25abf73000-7f25abf75000 rw-p 001b0000 08:12 10095200                   /lib/x86_64-linux-gnu/libc-2.26.so
7f25abf75000-7f25abf79000 rw-p 00000000 00:00 0 
7f25abf79000-7f25abf7c000 r-xp 00000000 08:12 10095261                   /lib/x86_64-linux-gnu/libdl-2.26.so
7f25abf7c000-7f25ac17b000 ---p 00003000 08:12 10095261                   /lib/x86_64-linux-gnu/libdl-2.26.so
7f25ac17b000-7f25ac17c000 r--p 00002000 08:12 10095261                   /lib/x86_64-linux-gnu/libdl-2.26.so
7f25ac17c000-7f25ac17d000 rw-p 00003000 08:12 10095261                   /lib/x86_64-linux-gnu/libdl-2.26.so
7f25ac17d000-7f25ac18b000 r-xp 00000000 08:12 13765812                   /usr/lib/jvm/java-8-openjdk-amd64/jre/lib/amd64/jli/libjli.so
7f25ac18b000-7f25ac38a000 ---p 0000e000 08:12 13765812                   /usr/lib/jvm/java-8-openjdk-amd64/jre/lib/amd64/jli/libjli.so
7f25ac38a000-7f25ac38b000 r--p 0000d000 08:12 13765812                   /usr/lib/jvm/java-8-openjdk-amd64/jre/lib/amd64/jli/libjli.so
7f25ac38b000-7f25ac38c000 rw-p 0000e000 08:12 13765812                   /usr/lib/jvm/java-8-openjdk-amd64/jre/lib/amd64/jli/libjli.so
7f25ac38c000-7f25ac3a5000 r-xp 00000000 08:12 10095313                   /lib/x86_64-linux-gnu/libz.so.1.2.8
7f25ac3a5000-7f25ac5a4000 ---p 00019000 08:12 10095313                   /lib/x86_64-linux-gnu/libz.so.1.2.8
7f25ac5a4000-7f25ac5a5000 r--p 00018000 08:12 10095313                   /lib/x86_64-linux-gnu/libz.so.1.2.8
7f25ac5a5000-7f25ac5a6000 rw-p 00019000 08:12 10095313                   /lib/x86_64-linux-gnu/libz.so.1.2.8
7f25ac5a6000-7f25ac5bf000 r-xp 00000000 08:12 10095359                   /lib/x86_64-linux-gnu/libpthread-2.26.so
7f25ac5bf000-7f25ac7be000 ---p 00019000 08:12 10095359                   /lib/x86_64-linux-gnu/libpthread-2.26.so
7f25ac7be000-7f25ac7bf000 r--p 00018000 08:12 10095359                   /lib/x86_64-linux-gnu/libpthread-2.26.so
7f25ac7bf000-7f25ac7c0000 rw-p 00019000 08:12 10095359                   /lib/x86_64-linux-gnu/libpthread-2.26.so
7f25ac7c0000-7f25ac7c4000 rw-p 00000000 00:00 0 
7f25ac7c4000-7f25ac7e9000 r-xp 00000000 08:12 10095123                   /lib/x86_64-linux-gnu/ld-2.26.so
7f25ac8b6000-7f25ac8b7000 ---p 00000000 00:00 0 
7f25ac8b7000-7f25ac8ba000 ---p 00000000 00:00 0 
7f25ac8ba000-7f25ac9bb000 rw-p 00000000 00:00 0 
7f25ac9de000-7f25ac9e6000 rw-s 00000000 08:12 3015585                    /tmp/hsperfdata_root/29436
7f25ac9e6000-7f25ac9e7000 rw-p 00000000 00:00 0 
7f25ac9e7000-7f25ac9e8000 r--p 00000000 00:00 0 
7f25ac9e8000-7f25ac9e9000 r--p 00024000 08:12 10095123                   /lib/x86_64-linux-gnu/ld-2.26.so
7f25ac9e9000-7f25ac9ea000 rw-p 00025000 08:12 10095123                   /lib/x86_64-linux-gnu/ld-2.26.so
7f25ac9ea000-7f25ac9eb000 rw-p 00000000 00:00 0 
7ffdade0a000-7ffdade2b000 rw-p 00000000 00:00 0                          [stack]
7ffdade54000-7ffdade57000 r--p 00000000 00:00 0                          [vvar]
7ffdade57000-7ffdade59000 r-xp 00000000 00:00 0                          [vdso]

VM Arguments:
jvm_args: -Dfile.encoding=UTF-8 
java_command: iliasDownloader.Main
java_class_path (initial): /usr/lib/jvm/java-8-openjdk-amd64/jre/lib/resources.jar:/usr/lib/jvm/java-8-openjdk-amd64/jre/lib/rt.jar:/usr/lib/jvm/java-8-openjdk-amd64/jre/lib/jsse.jar:/usr/lib/jvm/java-8-openjdk-amd64/jre/lib/jce.jar:/usr/lib/jvm/java-8-openjdk-amd64/jre/lib/charsets.jar:/usr/share/java/java-atk-wrapper.jar:/usr/lib/jvm/java-8-openjdk-amd64/jre/lib/ext/sunpkcs11.jar:/usr/lib/jvm/java-8-openjdk-amd64/jre/lib/ext/jaccess.jar:/usr/lib/jvm/java-8-openjdk-amd64/jre/lib/ext/cldrdata.jar:/usr/lib/jvm/java-8-openjdk-amd64/jre/lib/ext/icedtea-sound.jar:/usr/lib/jvm/java-8-openjdk-amd64/jre/lib/ext/zipfs.jar:/usr/lib/jvm/java-8-openjdk-amd64/jre/lib/ext/sunjce_provider.jar:/usr/lib/jvm/java-8-openjdk-amd64/jre/lib/ext/nashorn.jar:/usr/lib/jvm/java-8-openjdk-amd64/jre/lib/ext/localedata.jar:/usr/lib/jvm/java-8-openjdk-amd64/jre/lib/ext/sunec.jar:/usr/lib/jvm/java-8-openjdk-amd64/jre/lib/ext/dnsns.jar:/root/eclipse-workspace/IliasDownloaderJava/bin:/usr/local/bin/selenium-server-standalone.jar
Launcher Type: SUN_STANDARD

Environment Variables:
PATH=/usr/local/sbin:/usr/local/bin:/usr/sbin:/usr/bin:/sbin:/bin
USERNAME=root
SHELL=/bin/bash
DISPLAY=:1

Signal Handlers:
SIGSEGV: [libjvm.so+0xaa6ae0], sa_mask[0]=11111111011111111101111111111110, sa_flags=SA_RESTART|SA_SIGINFO
SIGBUS: [libjvm.so+0xaa6ae0], sa_mask[0]=11111111011111111101111111111110, sa_flags=SA_RESTART|SA_SIGINFO
SIGFPE: [libjvm.so+0x8ddf00], sa_mask[0]=11111111011111111101111111111110, sa_flags=SA_RESTART|SA_SIGINFO
SIGPIPE: [libjvm.so+0x8ddf00], sa_mask[0]=11111111011111111101111111111110, sa_flags=SA_RESTART|SA_SIGINFO
SIGXFSZ: [libjvm.so+0x8ddf00], sa_mask[0]=11111111011111111101111111111110, sa_flags=SA_RESTART|SA_SIGINFO
SIGILL: [libjvm.so+0x8ddf00], sa_mask[0]=11111111011111111101111111111110, sa_flags=SA_RESTART|SA_SIGINFO
SIGUSR1: SIG_DFL, sa_mask[0]=00000000000000000000000000000000, sa_flags=none
SIGUSR2: [libjvm.so+0x8dddb0], sa_mask[0]=00100000000000000000000000000000, sa_flags=SA_RESTART|SA_SIGINFO
SIGHUP: SIG_DFL, sa_mask[0]=00000000000000000000000000000000, sa_flags=none
SIGINT: SIG_DFL, sa_mask[0]=00000000000000000000000000000000, sa_flags=none
SIGTERM: SIG_DFL, sa_mask[0]=00000000000000000000000000000000, sa_flags=none
SIGQUIT: SIG_DFL, sa_mask[0]=00000000000000000000000000000000, sa_flags=none


---------------  S Y S T E M  ---------------

OS:DISTRIB_ID=Kali
DISTRIB_RELEASE=kali-rolling
DISTRIB_CODENAME=kali-rolling
DISTRIB_DESCRIPTION="Kali GNU/Linux Rolling"

uname:Linux 4.14.0-kali3-amd64 #1 SMP Debian 4.14.17-1kali1 (2018-02-16) x86_64
libc:glibc 2.26 NPTL 2.26 
rlimit: STACK 8192k, CORE 0k, NPROC 63304, NOFILE 1048576, AS infinity
load average:1.18 1.52 1.39

/proc/meminfo:
MemTotal:       16292612 kB
MemFree:         2780692 kB
MemAvailable:    4052684 kB
Buffers:          128476 kB
Cached:          1728676 kB
SwapCached:            0 kB
Active:         10747264 kB
Inactive:        1256688 kB
Active(anon):   10070936 kB
Inactive(anon):   514276 kB
Active(file):     676328 kB
Inactive(file):   742412 kB
Unevictable:         384 kB
Mlocked:             384 kB
SwapTotal:      16639996 kB
SwapFree:       16639996 kB
Dirty:                84 kB
Writeback:             0 kB
AnonPages:      10075464 kB
Mapped:           450748 kB
Shmem:            515768 kB
Slab:             468116 kB
SReclaimable:     195648 kB
SUnreclaim:       272468 kB
KernelStack:      177332 kB
PageTables:       638364 kB
NFS_Unstable:          0 kB
Bounce:                0 kB
WritebackTmp:          0 kB
CommitLimit:    24786300 kB
Committed_AS:   107757860 kB
VmallocTotal:   34359738367 kB
VmallocUsed:           0 kB
VmallocChunk:          0 kB
HardwareCorrupted:     0 kB
AnonHugePages:   1890304 kB
ShmemHugePages:        0 kB
ShmemPmdMapped:        0 kB
HugePages_Total:       0
HugePages_Free:        0
HugePages_Rsvd:        0
HugePages_Surp:        0
Hugepagesize:       2048 kB
DirectMap4k:      513100 kB
DirectMap2M:    14030848 kB
DirectMap1G:     3145728 kB


CPU:total 4 (initial active 4) (2 cores per cpu, 2 threads per core) family 6 model 78 stepping 3, cmov, cx8, fxsr, mmx, sse, sse2, sse3, ssse3, sse4.1, sse4.2, popcnt, avx, avx2, aes, clmul, erms, 3dnowpref, lzcnt, ht, tsc, tscinvbit, bmi1, bmi2, adx

/proc/cpuinfo:
processor	: 0
vendor_id	: GenuineIntel
cpu family	: 6
model		: 78
model name	: Intel(R) Core(TM) i7-6500U CPU @ 2.50GHz
stepping	: 3
microcode	: 0xba
cpu MHz		: 2724.915
cache size	: 4096 KB
physical id	: 0
siblings	: 4
core id		: 0
cpu cores	: 2
apicid		: 0
initial apicid	: 0
fpu		: yes
fpu_exception	: yes
cpuid level	: 22
wp		: yes
flags		: fpu vme de pse tsc msr pae mce cx8 apic sep mtrr pge mca cmov pat pse36 clflush dts acpi mmx fxsr sse sse2 ss ht tm pbe syscall nx pdpe1gb rdtscp lm constant_tsc art arch_perfmon pebs bts rep_good nopl xtopology nonstop_tsc cpuid aperfmperf tsc_known_freq pni pclmulqdq dtes64 monitor ds_cpl vmx est tm2 ssse3 sdbg fma cx16 xtpr pdcm pcid sse4_1 sse4_2 x2apic movbe popcnt tsc_deadline_timer aes xsave avx f16c rdrand lahf_lm abm 3dnowprefetch cpuid_fault epb invpcid_single pti retpoline rsb_ctxsw tpr_shadow vnmi flexpriority ept vpid fsgsbase tsc_adjust bmi1 avx2 smep bmi2 erms invpcid mpx rdseed adx smap clflushopt intel_pt xsaveopt xsavec xgetbv1 xsaves dtherm ida arat pln pts hwp hwp_notify hwp_act_window hwp_epp
bugs		: cpu_meltdown spectre_v1 spectre_v2
bogomips	: 5184.00
clflush size	: 64
cache_alignment	: 64
address sizes	: 39 bits physical, 48 bits virtual
power management:

processor	: 1
vendor_id	: GenuineIntel
cpu family	: 6
model		: 78
model name	: Intel(R) Core(TM) i7-6500U CPU @ 2.50GHz
stepping	: 3
microcode	: 0xba
cpu MHz		: 2723.656
cache size	: 4096 KB
physical id	: 0
siblings	: 4
core id		: 1
cpu cores	: 2
apicid		: 2
initial apicid	: 2
fpu		: yes
fpu_exception	: yes
cpuid level	: 22
wp		: yes
flags		: fpu vme de pse tsc msr pae mce cx8 apic sep mtrr pge mca cmov pat pse36 clflush dts acpi mmx fxsr sse sse2 ss ht tm pbe syscall nx pdpe1gb rdtscp lm constant_tsc art arch_perfmon pebs bts rep_good nopl xtopology nonstop_tsc cpuid aperfmperf tsc_known_freq pni pclmulqdq dtes64 monitor ds_cpl vmx est tm2 ssse3 sdbg fma cx16 xtpr pdcm pcid sse4_1 sse4_2 x2apic movbe popcnt tsc_deadline_timer aes xsave avx f16c rdrand lahf_lm abm 3dnowprefetch cpuid_fault epb invpcid_single pti retpoline rsb_ctxsw tpr_shadow vnmi flexpriority ept vpid fsgsbase tsc_adjust bmi1 avx2 smep bmi2 erms invpcid mpx rdseed adx smap clflushopt intel_pt xsaveopt xsavec xgetbv1 xsaves dtherm ida arat pln pts hwp hwp_notify hwp_act_window hwp_epp
bugs		: cpu_meltdown spectre_v1 spectre_v2
bogomips	: 5184.00
clflush size	: 64
cache_alignment	: 64
address sizes	: 39 bits physical, 48 bits virtual
power management:

processor	: 2
vendor_id	: GenuineIntel
cpu family	: 6
model		: 78
model name	: Intel(R) Core(TM) i7-6500U CPU @ 2.50GHz
stepping	: 3
microcode	: 0xba
cpu MHz		: 2724.370
cache size	: 4096 KB
physical id	: 0
siblings	: 4
core id		: 0
cpu cores	: 2
apicid		: 1
initial apicid	: 1
fpu		: yes
fpu_exception	: yes
cpuid level	: 22
wp		: yes
flags		: fpu vme de pse tsc msr pae mce cx8 apic sep mtrr pge mca cmov pat pse36 clflush dts acpi mmx fxsr sse sse2 ss ht tm pbe syscall nx pdpe1gb rdtscp lm constant_tsc art arch_perfmon pebs bts rep_good nopl xtopology nonstop_tsc cpuid aperfmperf tsc_known_freq pni pclmulqdq dtes64 monitor ds_cpl vmx est tm2 ssse3 sdbg fma cx16 xtpr pdcm pcid sse4_1 sse4_2 x2apic movbe popcnt tsc_deadline_timer aes xsave avx f16c rdrand lahf_lm abm 3dnowprefetch cpuid_fault epb invpcid_single pti retpoline rsb_ctxsw tpr_shadow vnmi flexpriority ept vpid fsgsbase tsc_adjust bmi1 avx2 smep bmi2 erms invpcid mpx rdseed adx smap clflushopt intel_pt xsaveopt xsavec xgetbv1 xsaves dtherm ida arat pln pts hwp hwp_notify hwp_act_window hwp_epp
bugs		: cpu_meltdown spectre_v1 spectre_v2
bogomips	: 5184.00
clflush size	: 64
cache_alignment	: 64
address sizes	: 39 bits physical, 48 bits virtual
power management:

processor	: 3
vendor_id	: GenuineIntel
cpu family	: 6
model		: 78
model name	: Intel(R) Core(TM) i7-6500U CPU @ 2.50GHz
stepping	: 3
microcode	: 0xba
cpu MHz		: 2724.833
cache size	: 4096 KB
physical id	: 0
siblings	: 4
core id		: 1
cpu cores	: 2
apicid		: 3
initial apicid	: 3
fpu		: yes
fpu_exception	: yes
cpuid level	: 22
wp		: yes
flags		: fpu vme de pse tsc msr pae mce cx8 apic sep mtrr pge mca cmov pat pse36 clflush dts acpi mmx fxsr sse sse2 ss ht tm pbe syscall nx pdpe1gb rdtscp lm constant_tsc art arch_perfmon pebs bts rep_good nopl xtopology nonstop_tsc cpuid aperfmperf tsc_known_freq pni pclmulqdq dtes64 monitor ds_cpl vmx est tm2 ssse3 sdbg fma cx16 xtpr pdcm pcid sse4_1 sse4_2 x2apic movbe popcnt tsc_deadline_timer aes xsave avx f16c rdrand lahf_lm abm 3dnowprefetch cpuid_fault epb invpcid_single pti retpoline rsb_ctxsw tpr_shadow vnmi flexpriority ept vpid fsgsbase tsc_adjust bmi1 avx2 smep bmi2 erms invpcid mpx rdseed adx smap clflushopt intel_pt xsaveopt xsavec xgetbv1 xsaves dtherm ida arat pln pts hwp hwp_notify hwp_act_window hwp_epp
bugs		: cpu_meltdown spectre_v1 spectre_v2
bogomips	: 5184.00
clflush size	: 64
cache_alignment	: 64
address sizes	: 39 bits physical, 48 bits virtual
power management:



Memory: 4k page, physical 16292612k(2780056k free), swap 16639996k(16639996k free)

vm_info: OpenJDK 64-Bit Server VM (25.151-b12) for linux-amd64 JRE (1.8.0_151-8u151-b12-1-b12), built on Nov  1 2017 06:12:56 by "buildd" with gcc 7.2.1 20171025

time: Tue Mar  6 01:02:39 2018
elapsed time: 0 seconds (0d 0h 0m 0s)

